0 info it worked if it ends with ok
1 verbose cli [ 'C:\\Servers\\nodejs\\node.exe',
1 verbose cli   'C:\\Servers\\nodejs\\node_modules\\npm\\bin\\npm-cli.js',
1 verbose cli   'run',
1 verbose cli   'gulp',
1 verbose cli   'watch' ]
2 info using npm@3.10.10
3 info using node@v6.9.5
4 verbose run-script [ 'pregulp', 'gulp', 'postgulp' ]
5 info lifecycle project@1.0.0~pregulp: project@1.0.0
6 silly lifecycle project@1.0.0~pregulp: no script for pregulp, continuing
7 info lifecycle project@1.0.0~gulp: project@1.0.0
8 verbose lifecycle project@1.0.0~gulp: unsafe-perm in lifecycle true
9 verbose lifecycle project@1.0.0~gulp: PATH: C:\Servers\nodejs\node_modules\npm\bin\node-gyp-bin;C:\Users\biarnatskiav\PhpstormProjects\node_modules\.bin;C:\app\KaminskiyAA\product\11.2.0\client_1\bin;C:\app\KaminskiyAA\product\11.2.0\client_2;C:\app\KaminskiyAA\product\11.2.0\client_1;C:\app\KaminskiyAA\product\11.2.0\dbhome_1\bin;C:\ProgramData\Oracle\Java\javapath;c:\Program Files (x86)\Intel\iCLS Client\;c:\Program Files\Intel\iCLS Client\;C:\windows\system32;C:\windows;C:\windows\System32\Wbem;C:\windows\System32\WindowsPowerShell\v1.0\;C:\Program Files\Intel\Intel(R) Management Engine Components\DAL;C:\Program Files\Intel\Intel(R) Management Engine Components\IPT;C:\Program Files (x86)\Intel\Intel(R) Management Engine Components\DAL;C:\Program Files (x86)\Intel\Intel(R) Management Engine Components\IPT;C:\Maven\bin;c:\Program Files\Java\jdk1.7.0_79\\bin;C:\Program Files\TortoiseSVN\bin;C:\Program Files (x86)\GtkSharp\2.12\bin;C:\Program Files\Git\cmd;C:\Servers\nodejs\;C:\Program Files (x86)\Google\Cloud SDK\google-cloud-sdk\bin;c:\Users\kaminskiyaa\Downloads\gwt-2.7.0\;c:\Program Files (x86)\Microsoft Visual Studio\2017\Professional\MSBuild\15.0\Bin\;C:\Program Files\dotnet\;C:\Program Files\Microsoft SQL Server\130\Tools\Binn\;C:\Program Files\Microsoft SQL Server\120\DTS\Binn\;C:\Program Files\Microsoft SQL Server\Client SDK\ODBC\110\Tools\Binn\;C:\Program Files (x86)\Microsoft SQL Server\120\Tools\Binn\;C:\Program Files\Microsoft SQL Server\120\Tools\Binn\;C:\Program Files (x86)\Microsoft SQL Server\120\Tools\Binn\ManagementStudio\;C:\Program Files (x86)\Microsoft SQL Server\120\DTS\Binn\;C:\Program Files (x86)\Skype\Phone\
10 verbose lifecycle project@1.0.0~gulp: CWD: C:\Users\biarnatskiav\PhpstormProjects
11 silly lifecycle project@1.0.0~gulp: Args: [ '/d /s /c', 'gulp "watch"' ]
12 verbose stack Error: kill ENOSYS
12 verbose stack     at exports._errnoException (util.js:1022:11)
12 verbose stack     at process.kill (internal/process.js:172:13)
12 verbose stack     at process.listener (C:\Servers\nodejs\node_modules\npm\node_modules\npmlog\node_modules\gauge\node_modules\signal-exit\index.js:86:15)
12 verbose stack     at emitNone (events.js:91:20)
12 verbose stack     at process.emit (events.js:185:7)
12 verbose stack     at processEmit (C:\Servers\nodejs\node_modules\npm\node_modules\npmlog\node_modules\gauge\node_modules\signal-exit\index.js:146:32)
12 verbose stack     at processEmit (C:\Servers\nodejs\node_modules\npm\node_modules\npm-registry-client\node_modules\npmlog\node_modules\gauge\node_modules\signal-exit\index.js:146:32)
12 verbose stack     at Signal.wrap.onsignal (internal/process.js:199:44)
13 verbose cwd C:\Users\biarnatskiav\PhpstormProjects
14 error Windows_NT 6.1.7601
15 error argv "C:\\Servers\\nodejs\\node.exe" "C:\\Servers\\nodejs\\node_modules\\npm\\bin\\npm-cli.js" "run" "gulp" "watch"
16 error node v6.9.5
17 error npm  v3.10.10
18 error code ENOSYS
19 error errno ENOSYS
20 error syscall kill
21 error kill ENOSYS
22 error If you need help, you may report this error at:
22 error     <https://github.com/npm/npm/issues>
23 verbose exit [ 1, true ]
